nohup: ignoring input
[2025-04-11T22:20:09Z INFO  gcp_script] === Starting GCP Server ===
[2025-04-11T22:20:09Z INFO  gcp_script] Listening on: 0.0.0.0:8080
[2025-04-11T22:20:09Z INFO  gcp_script] Ready to receive data from Discord bot
[2025-04-11T22:20:09Z INFO  gcp_script] Press Ctrl+C to stop the server
[2025-04-11T22:20:09Z INFO  actix_server::builder] starting 8 workers
[2025-04-11T22:20:09Z INFO  actix_server::server] Actix runtime found; starting in Actix runtime
[2025-04-11T22:20:09Z INFO  actix_server::server] starting service: "actix-web-service-0.0.0.0:8080", workers: 8, listening on: 0.0.0.0:8080
[2025-04-11T22:21:49Z INFO  gcp_script] === GCP Server - Received New Request ===
[2025-04-11T22:21:49Z INFO  gcp_script] Verification file content:
[2025-04-11T22:21:49Z INFO  gcp_script] json_dicts[0]["signed_data"].get("data").unwrap().get("offer_amount").unwrap().as_f64().unwrap() > 1000000.0
    json_dicts[1]["signed_data"].get("data").unwrap().get("offer_amount").unwrap().as_f64().unwrap() > 1000000.0
[2025-04-11T22:21:49Z INFO  gcp_script] 
    JSON dictionaries received:
[2025-04-11T22:21:49Z INFO  gcp_script] [
      {
        "processed_at": "2025-04-09T16:10:14.261540",
        "document_text_length": 224,
        "signed_data": {
          "data": {
            "date": "2021-03-02",
            "document_type": "offer_to_purchase",
            "from": "Alice",
            "offer_amount": 1200000,
            "terms": {
              "conditions": "unconditionally"
            }
          },
          "signature": "3b27581b44f821a9a0576b3de77feeca1e419fa18155098e01e4ad13f10852d507f7de0d3a2eb0c39f803d594612e9cf30046b29564a0db32699b20d0efa740286f8849e6126dce6a73de134b7c7696dc57d6123df8c27c76e773bb7130d3d9a4c541bba594f630bf6083f94610b45b694afedb4f0e2b508a54c2bb976d3d6296f7737af136177d3becde27e8cc451ff309969da849e712bcf5ffc5c46ec7f553771b64a1ee2cea91a1fd2a326191fd8b83828071a74c22632e88e190e673adc8089c76aeffbb9e2e5668dc444b67f94cf8e3ed3f93b5f74b93348696395a97b0c2884968af39987b8a75c3bfc2aa10aafb7ef4d07f87d55f0f9f2c949120836",
          "signed_at": "2025-04-09T16:10:14.261529",
          "signer": "Alice"
        }
      },
      {
        "signed_data": {
          "data": {
            "conditions": {
              "include_cars": true,
              "roof_inspection_clear": true
            },
            "date": "2021-03-04",
            "document_type": "offer_to_buy",
            "from": "Bob",
            "offer_amount": 1500000
          },
          "signature": "2f5dd4f06801fbbfa30171b64bb46cc05b36ab59237f9369e9cfb917e4e49cf3292c7ae2c90b7050f9f5f545814f15ed50cb629ddd15f8059025c81335262fb42fd8fa501d33d370b66512e02f5676113fe0da2467e27f0954bd93d088dbe218c52986bb5db7d01bf48aa1524508f73d7710d8ce7de6dfc3bb602f73b3930a63e87da8d601b484841ddc6541860acad6df5386d22e79df75d3698f809ab90e8bb00e2232ed4d1187d421d54af1619aab28bd1a2929f9755b6195744f5ea37eb45bbfae00b154621195f6d00e5d628079d04e2ff18af4ab6ed6eb7602baaeee5e7615dd323350e6cc0d8f058096c83bc02f08aa73fec45091ab40c1eec9ac1d45",
          "signed_at": "2025-04-09T16:10:37.395462",
          "signer": "Bob"
        },
        "document_text_length": 306,
        "processed_at": "2025-04-09T16:10:37.395473"
      }
    ]
[2025-04-11T22:21:49Z INFO  gcp_script] Sending confirmation response back to client
